<?xml version="1.0" encoding="UTF-8"?>
<!-- Generated by org.testng.reporters.JUnitXMLReporter -->
<testsuite hostname="venkat" ignored="0" name="Default test" tests="8" failures="0" timestamp="2020-11-23T20:05:42 IST" time="103.501" errors="0">
  <testcase name="setDataFeilds" time="10.546" classname="com.test.DataDrivenTest001"/>
  <testcase name="setDataFeilds" time="10.541" classname="com.test.DataDrivenTest001"/>
  <testcase name="setDataFeilds" time="10.672" classname="com.test.DataDrivenTest001"/>
  <testcase name="setDataFeilds" time="10.538" classname="com.test.DataDrivenTest001"/>
  <testcase name="setDataFeilds" time="10.668" classname="com.test.DataDrivenTest001"/>
  <testcase name="setDataFeilds" time="10.465" classname="com.test.DataDrivenTest001"/>
  <testcase name="setDataFeilds" time="10.66" classname="com.test.DataDrivenTest001"/>
  <testcase name="setDataFeilds" time="10.609" classname="com.test.DataDrivenTest001"/>
</testsuite> <!-- Default test -->
