<?xml version="1.0" encoding="UTF-8"?>
<!-- Generated by org.testng.reporters.JUnitXMLReporter -->
<testsuite hostname="venkat" ignored="0" name="Test the TESTNG things" tests="4" failures="0" timestamp="2020-09-09T06:41:45 IST" time="105.37" errors="0">
  <testcase name="test001" time="5.379" classname="com.test.LoginTest"/>
  <testcase name="test002" time="0.062" classname="com.test.LoginTest">
    <skipped/>
  </testcase> <!-- test002 -->
  <testcase name="test002" time="0.005" classname="com.test.LoginTest">
    <skipped/>
  </testcase> <!-- test002 -->
  <testcase name="test002" time="0.002" classname="com.test.LoginTest">
    <skipped/>
  </testcase> <!-- test002 -->
</testsuite> <!-- Test the TESTNG things -->
