<?xml version="1.0" encoding="UTF-8"?>
<testng-results skipped="0" failed="0" ignored="0" total="1" passed="1">
  <reporter-output>
  </reporter-output>
  <suite name="Default suite" duration-ms="17028" started-at="2020-09-26T17:38:52 IST" finished-at="2020-09-26T17:39:09 IST">
    <groups>
    </groups>
    <test name="Default test" duration-ms="17028" started-at="2020-09-26T17:38:52 IST" finished-at="2020-09-26T17:39:09 IST">
      <class name="com.test.DropDownTest">
        <test-method status="PASS" signature="setUp()[pri:0, instance:com.test.DropDownTest@5e853265]" name="setUp" is-config="true" duration-ms="8663" started-at="2020-09-26T17:38:52 IST" finished-at="2020-09-26T17:39:01 IST">
          <reporter-output>
          </reporter-output>
        </test-method> <!-- setUp -->
        <test-method status="PASS" signature="multiplesSelect()[pri:0, instance:com.test.DropDownTest@5e853265]" name="multiplesSelect" duration-ms="7986" started-at="2020-09-26T17:39:01 IST" finished-at="2020-09-26T17:39:09 IST">
          <reporter-output>
          </reporter-output>
        </test-method> <!-- multiplesSelect -->
        <test-method status="PASS" signature="tearDown()[pri:0, instance:com.test.DropDownTest@5e853265]" name="tearDown" is-config="true" duration-ms="2" started-at="2020-09-26T17:39:09 IST" finished-at="2020-09-26T17:39:09 IST">
          <reporter-output>
          </reporter-output>
        </test-method> <!-- tearDown -->
      </class> <!-- com.test.DropDownTest -->
    </test> <!-- Default test -->
  </suite> <!-- Default suite -->
</testng-results>
