<?xml version="1.0" encoding="UTF-8"?>
<!-- Generated by org.testng.reporters.JUnitXMLReporter -->
<testsuite hostname="venkat" ignored="27" name="Test the TESTNG things(failed)(failed)(failed)" tests="3" failures="0" timestamp="2020-09-07T19:54:15 IST" time="0.076" errors="0">
  <testcase name="test004" time="0.007" classname="com.TESTNG.TestNgPra"/>
  <testcase name="test022" time="0.002" classname="com.TESTNG.TestNgPra"/>
  <testcase name="test026" time="0.007" classname="com.TESTNG.TestNgPra"/>
  <testcase name="test006" time="0.0" classname="com.TESTNG.TestNgPra">
    <ignored/>
  </testcase> <!-- test006 -->
  <testcase name="test028" time="0.0" classname="com.TESTNG.TestNgPra">
    <ignored/>
  </testcase> <!-- test028 -->
  <testcase name="test009" time="0.0" classname="com.TESTNG.TestNgPra">
    <ignored/>
  </testcase> <!-- test009 -->
  <testcase name="test008" time="0.0" classname="com.TESTNG.TestNgPra">
    <ignored/>
  </testcase> <!-- test008 -->
  <testcase name="test002" time="0.0" classname="com.TESTNG.TestNgPra">
    <ignored/>
  </testcase> <!-- test002 -->
  <testcase name="test024" time="0.0" classname="com.TESTNG.TestNgPra">
    <ignored/>
  </testcase> <!-- test024 -->
  <testcase name="test005" time="0.0" classname="com.TESTNG.TestNgPra">
    <ignored/>
  </testcase> <!-- test005 -->
  <testcase name="test027" time="0.0" classname="com.TESTNG.TestNgPra">
    <ignored/>
  </testcase> <!-- test027 -->
  <testcase name="test007" time="0.0" classname="com.TESTNG.TestNgPra">
    <ignored/>
  </testcase> <!-- test007 -->
  <testcase name="test029" time="0.0" classname="com.TESTNG.TestNgPra">
    <ignored/>
  </testcase> <!-- test029 -->
  <testcase name="test012" time="0.0" classname="com.TESTNG.TestNgPra">
    <ignored/>
  </testcase> <!-- test012 -->
  <testcase name="test011" time="0.0" classname="com.TESTNG.TestNgPra">
    <ignored/>
  </testcase> <!-- test011 -->
  <testcase name="test014" time="0.0" classname="com.TESTNG.TestNgPra">
    <ignored/>
  </testcase> <!-- test014 -->
  <testcase name="test030" time="0.0" classname="com.TESTNG.TestNgPra">
    <ignored/>
  </testcase> <!-- test030 -->
  <testcase name="test010" time="0.0" classname="com.TESTNG.TestNgPra">
    <ignored/>
  </testcase> <!-- test010 -->
  <testcase name="test017" time="0.0" classname="com.TESTNG.TestNgPra">
    <ignored/>
  </testcase> <!-- test017 -->
  <testcase name="test019" time="0.0" classname="com.TESTNG.TestNgPra">
    <ignored/>
  </testcase> <!-- test019 -->
  <testcase name="test013" time="0.0" classname="com.TESTNG.TestNgPra">
    <ignored/>
  </testcase> <!-- test013 -->
  <testcase name="test016" time="0.0" classname="com.TESTNG.TestNgPra">
    <ignored/>
  </testcase> <!-- test016 -->
  <testcase name="test015" time="0.0" classname="com.TESTNG.TestNgPra">
    <ignored/>
  </testcase> <!-- test015 -->
  <testcase name="test018" time="0.0" classname="com.TESTNG.TestNgPra">
    <ignored/>
  </testcase> <!-- test018 -->
  <testcase name="test020" time="0.0" classname="com.TESTNG.TestNgPra">
    <ignored/>
  </testcase> <!-- test020 -->
  <testcase name="test001" time="0.0" classname="com.TESTNG.TestNgPra">
    <ignored/>
  </testcase> <!-- test001 -->
  <testcase name="test023" time="0.0" classname="com.TESTNG.TestNgPra">
    <ignored/>
  </testcase> <!-- test023 -->
  <testcase name="test003" time="0.0" classname="com.TESTNG.TestNgPra">
    <ignored/>
  </testcase> <!-- test003 -->
  <testcase name="test025" time="0.0" classname="com.TESTNG.TestNgPra">
    <ignored/>
  </testcase> <!-- test025 -->
  <testcase name="test021" time="0.0" classname="com.TESTNG.TestNgPra">
    <ignored/>
  </testcase> <!-- test021 -->
</testsuite> <!-- Test the TESTNG things(failed)(failed)(failed) -->
